<?xml version="1.0" encoding="UTF-8"?>
<testsuite name="de.tomgrill.gdxtesting.utils.streakTests" tests="3" skipped="0" failures="3" errors="0" timestamp="2024-05-20T11:43:28" hostname="LAPTOP-E8FM3GU7" time="0.449">
  <properties/>
  <testcase name="GymRat" classname="de.tomgrill.gdxtesting.utils.streakTests" time="0.129">
    <failure message="java.lang.IllegalArgumentException: Error compiling shader: " type="java.lang.IllegalArgumentException">java.lang.IllegalArgumentException: Error compiling shader: 
	at com.badlogic.gdx.graphics.g2d.SpriteBatch.createDefaultShader(SpriteBatch.java:164)
	at com.badlogic.gdx.graphics.g2d.SpriteBatch.&lt;init&gt;(SpriteBatch.java:127)
	at com.badlogic.gdx.graphics.g2d.SpriteBatch.&lt;init&gt;(SpriteBatch.java:81)
	at com.badlogic.gdx.maps.tiled.renderers.BatchTiledMapRenderer.&lt;init&gt;(BatchTiledMapRenderer.java:102)
	at com.badlogic.gdx.maps.tiled.renderers.BatchTiledMapRenderer.&lt;init&gt;(BatchTiledMapRenderer.java:95)
	at com.badlogic.gdx.maps.tiled.renderers.OrthogonalTiledMapRenderer.&lt;init&gt;(OrthogonalTiledMapRenderer.java:51)
	at com.main.map.GameMap.&lt;init&gt;(GameMap.java:35)
	at com.main.screens.MainGameScreen.&lt;init&gt;(MainGameScreen.java:109)
	at de.tomgrill.gdxtesting.utils.streakTests.&lt;init&gt;(streakTests.java:17)
	at java.base/jdk.internal.reflect.DirectConstructorHandleAccessor.newInstance(DirectConstructorHandleAccessor.java:67)
	at java.base/java.lang.reflect.Constructor.newInstanceWithCaller(Constructor.java:500)
	at java.base/java.lang.reflect.Constructor.newInstance(Constructor.java:484)
	at org.junit.runners.BlockJUnit4ClassRunner.createTest(BlockJUnit4ClassRunner.java:250)
	at org.junit.runners.BlockJUnit4ClassRunner.createTest(BlockJUnit4ClassRunner.java:260)
	at org.junit.runners.BlockJUnit4ClassRunner$2.runReflectiveCall(BlockJUnit4ClassRunner.java:309)
	at org.junit.internal.runners.model.ReflectiveCallable.run(ReflectiveCallable.java:12)
	at org.junit.runners.BlockJUnit4ClassRunner.methodBlock(BlockJUnit4ClassRunner.java:306)
	at org.junit.runners.BlockJUnit4ClassRunner$1.evaluate(BlockJUnit4ClassRunner.java:100)
	at org.junit.runners.ParentRunner.runLeaf(ParentRunner.java:366)
	at org.junit.runners.BlockJUnit4ClassRunner.runChild(BlockJUnit4ClassRunner.java:103)
	at de.tomgrill.gdxtesting.GdxTestRunner.render(GdxTestRunner.java:62)
	at com.badlogic.gdx.backends.headless.HeadlessApplication.mainLoop(HeadlessApplication.java:128)
	at com.badlogic.gdx.backends.headless.HeadlessApplication$1.run(HeadlessApplication.java:93)
</failure>
  </testcase>
  <testcase name="CompSciStreak" classname="de.tomgrill.gdxtesting.utils.streakTests" time="0.136">
    <failure message="java.lang.IllegalArgumentException: Error compiling shader: " type="java.lang.IllegalArgumentException">java.lang.IllegalArgumentException: Error compiling shader: 
	at com.badlogic.gdx.graphics.g2d.SpriteBatch.createDefaultShader(SpriteBatch.java:164)
	at com.badlogic.gdx.graphics.g2d.SpriteBatch.&lt;init&gt;(SpriteBatch.java:127)
	at com.badlogic.gdx.graphics.g2d.SpriteBatch.&lt;init&gt;(SpriteBatch.java:81)
	at com.badlogic.gdx.maps.tiled.renderers.BatchTiledMapRenderer.&lt;init&gt;(BatchTiledMapRenderer.java:102)
	at com.badlogic.gdx.maps.tiled.renderers.BatchTiledMapRenderer.&lt;init&gt;(BatchTiledMapRenderer.java:95)
	at com.badlogic.gdx.maps.tiled.renderers.OrthogonalTiledMapRenderer.&lt;init&gt;(OrthogonalTiledMapRenderer.java:51)
	at com.main.map.GameMap.&lt;init&gt;(GameMap.java:35)
	at com.main.screens.MainGameScreen.&lt;init&gt;(MainGameScreen.java:109)
	at de.tomgrill.gdxtesting.utils.streakTests.&lt;init&gt;(streakTests.java:17)
	at java.base/jdk.internal.reflect.DirectConstructorHandleAccessor.newInstance(DirectConstructorHandleAccessor.java:67)
	at java.base/java.lang.reflect.Constructor.newInstanceWithCaller(Constructor.java:500)
	at java.base/java.lang.reflect.Constructor.newInstance(Constructor.java:484)
	at org.junit.runners.BlockJUnit4ClassRunner.createTest(BlockJUnit4ClassRunner.java:250)
	at org.junit.runners.BlockJUnit4ClassRunner.createTest(BlockJUnit4ClassRunner.java:260)
	at org.junit.runners.BlockJUnit4ClassRunner$2.runReflectiveCall(BlockJUnit4ClassRunner.java:309)
	at org.junit.internal.runners.model.ReflectiveCallable.run(ReflectiveCallable.java:12)
	at org.junit.runners.BlockJUnit4ClassRunner.methodBlock(BlockJUnit4ClassRunner.java:306)
	at org.junit.runners.BlockJUnit4ClassRunner$1.evaluate(BlockJUnit4ClassRunner.java:100)
	at org.junit.runners.ParentRunner.runLeaf(ParentRunner.java:366)
	at org.junit.runners.BlockJUnit4ClassRunner.runChild(BlockJUnit4ClassRunner.java:103)
	at de.tomgrill.gdxtesting.GdxTestRunner.render(GdxTestRunner.java:62)
	at com.badlogic.gdx.backends.headless.HeadlessApplication.mainLoop(HeadlessApplication.java:128)
	at com.badlogic.gdx.backends.headless.HeadlessApplication$1.run(HeadlessApplication.java:93)
</failure>
  </testcase>
  <testcase name="PiazzaStreak" classname="de.tomgrill.gdxtesting.utils.streakTests" time="0.148">
    <failure message="java.lang.IllegalArgumentException: Error compiling shader: " type="java.lang.IllegalArgumentException">java.lang.IllegalArgumentException: Error compiling shader: 
	at com.badlogic.gdx.graphics.g2d.SpriteBatch.createDefaultShader(SpriteBatch.java:164)
	at com.badlogic.gdx.graphics.g2d.SpriteBatch.&lt;init&gt;(SpriteBatch.java:127)
	at com.badlogic.gdx.graphics.g2d.SpriteBatch.&lt;init&gt;(SpriteBatch.java:81)
	at com.badlogic.gdx.maps.tiled.renderers.BatchTiledMapRenderer.&lt;init&gt;(BatchTiledMapRenderer.java:102)
	at com.badlogic.gdx.maps.tiled.renderers.BatchTiledMapRenderer.&lt;init&gt;(BatchTiledMapRenderer.java:95)
	at com.badlogic.gdx.maps.tiled.renderers.OrthogonalTiledMapRenderer.&lt;init&gt;(OrthogonalTiledMapRenderer.java:51)
	at com.main.map.GameMap.&lt;init&gt;(GameMap.java:35)
	at com.main.screens.MainGameScreen.&lt;init&gt;(MainGameScreen.java:109)
	at de.tomgrill.gdxtesting.utils.streakTests.&lt;init&gt;(streakTests.java:17)
	at java.base/jdk.internal.reflect.DirectConstructorHandleAccessor.newInstance(DirectConstructorHandleAccessor.java:67)
	at java.base/java.lang.reflect.Constructor.newInstanceWithCaller(Constructor.java:500)
	at java.base/java.lang.reflect.Constructor.newInstance(Constructor.java:484)
	at org.junit.runners.BlockJUnit4ClassRunner.createTest(BlockJUnit4ClassRunner.java:250)
	at org.junit.runners.BlockJUnit4ClassRunner.createTest(BlockJUnit4ClassRunner.java:260)
	at org.junit.runners.BlockJUnit4ClassRunner$2.runReflectiveCall(BlockJUnit4ClassRunner.java:309)
	at org.junit.internal.runners.model.ReflectiveCallable.run(ReflectiveCallable.java:12)
	at org.junit.runners.BlockJUnit4ClassRunner.methodBlock(BlockJUnit4ClassRunner.java:306)
	at org.junit.runners.BlockJUnit4ClassRunner$1.evaluate(BlockJUnit4ClassRunner.java:100)
	at org.junit.runners.ParentRunner.runLeaf(ParentRunner.java:366)
	at org.junit.runners.BlockJUnit4ClassRunner.runChild(BlockJUnit4ClassRunner.java:103)
	at de.tomgrill.gdxtesting.GdxTestRunner.render(GdxTestRunner.java:62)
	at com.badlogic.gdx.backends.headless.HeadlessApplication.mainLoop(HeadlessApplication.java:128)
	at com.badlogic.gdx.backends.headless.HeadlessApplication$1.run(HeadlessApplication.java:93)
</failure>
  </testcase>
  <system-out><![CDATA[]]></system-out>
  <system-err><![CDATA[]]></system-err>
</testsuite>
