<?xml version="1.0" encoding="UTF-8"?>
<testsuite name="de.tomgrill.gdxtesting.utils.ScoringTests" tests="2" skipped="0" failures="0" errors="0" timestamp="2024-05-22T21:06:02" hostname="LAPTOP-E8FM3GU7" time="0.018">
  <properties/>
  <testcase name="testPerfect" classname="de.tomgrill.gdxtesting.utils.ScoringTests" time="0.008"/>
  <testcase name="testNoActions" classname="de.tomgrill.gdxtesting.utils.ScoringTests" time="0.001"/>
  <system-out><![CDATA[]]></system-out>
  <system-err><![CDATA[]]></system-err>
</testsuite>
