<?xml version="1.0" encoding="UTF-8"?>
<testsuite name="de.tomgrill.gdxtesting.Sound.MusicTests" tests="2" skipped="0" failures="0" errors="0" timestamp="2024-05-21T23:41:15" hostname="DESKTOP-JE03C92" time="0.016">
  <properties/>
  <testcase name="testMusicExists" classname="de.tomgrill.gdxtesting.Sound.MusicTests" time="0.003"/>
  <testcase name="testVolume" classname="de.tomgrill.gdxtesting.Sound.MusicTests" time="0.001"/>
  <system-out><![CDATA[]]></system-out>
  <system-err><![CDATA[]]></system-err>
</testsuite>
