<?xml version="1.0" encoding="UTF-8"?>
<testsuite name="de.tomgrill.gdxtesting.Sound.SoundTests" tests="2" skipped="0" failures="0" errors="0" timestamp="2024-05-20T11:43:28" hostname="LAPTOP-E8FM3GU7" time="0.023">
  <properties/>
  <testcase name="testVolume" classname="de.tomgrill.gdxtesting.Sound.SoundTests" time="0.006"/>
  <testcase name="testSoundsExists" classname="de.tomgrill.gdxtesting.Sound.SoundTests" time="0.006"/>
  <system-out><![CDATA[]]></system-out>
  <system-err><![CDATA[]]></system-err>
</testsuite>
