<?xml version="1.0" encoding="UTF-8"?>
<testsuite name="de.tomgrill.gdxtesting.utils.streakTests" tests="3" skipped="0" failures="0" errors="0" timestamp="2024-05-22T21:06:02" hostname="LAPTOP-E8FM3GU7" time="0.045">
  <properties/>
  <testcase name="GymRat" classname="de.tomgrill.gdxtesting.utils.streakTests" time="0.001"/>
  <testcase name="CompSciStreak" classname="de.tomgrill.gdxtesting.utils.streakTests" time="0.001"/>
  <testcase name="piazzaDor" classname="de.tomgrill.gdxtesting.utils.streakTests" time="0.011"/>
  <system-out><![CDATA[]]></system-out>
  <system-err><![CDATA[]]></system-err>
</testsuite>
