<?xml version="1.0" encoding="UTF-8"?>
<testsuite name="de.tomgrill.gdxtesting.utils.TypingGameTests" tests="4" skipped="0" failures="0" errors="0" timestamp="2024-05-22T21:06:02" hostname="LAPTOP-E8FM3GU7" time="0.007">
  <properties/>
  <testcase name="mixedCorrect" classname="de.tomgrill.gdxtesting.utils.TypingGameTests" time="0.005"/>
  <testcase name="multipleCorrect" classname="de.tomgrill.gdxtesting.utils.TypingGameTests" time="0.001"/>
  <testcase name="oneCorrect" classname="de.tomgrill.gdxtesting.utils.TypingGameTests" time="0.0"/>
  <testcase name="noCorrect" classname="de.tomgrill.gdxtesting.utils.TypingGameTests" time="0.0"/>
  <system-out><![CDATA[]]></system-out>
  <system-err><![CDATA[]]></system-err>
</testsuite>
