<?xml version="1.0" encoding="UTF-8"?>
<testsuite name="de.tomgrill.gdxtesting.utils.streakTests" tests="1" skipped="0" failures="0" errors="0" timestamp="2024-05-22T10:42:26" hostname="LAPTOP-E8FM3GU7" time="0.018">
  <properties/>
  <testcase name="GymRat" classname="de.tomgrill.gdxtesting.utils.streakTests" time="0.018"/>
  <system-out><![CDATA[]]></system-out>
  <system-err><![CDATA[]]></system-err>
</testsuite>
