<?xml version="1.0" encoding="UTF-8"?>
<testsuite name="de.tomgrill.gdxtesting.examples.AssetExistsExampleTest" tests="1" skipped="0" failures="0" errors="0" timestamp="2024-05-20T11:43:28" hostname="LAPTOP-E8FM3GU7" time="0.009">
  <properties/>
  <testcase name="badlogicLogoFileExists" classname="de.tomgrill.gdxtesting.examples.AssetExistsExampleTest" time="0.009"/>
  <system-out><![CDATA[]]></system-out>
  <system-err><![CDATA[]]></system-err>
</testsuite>
