<?xml version="1.0" encoding="UTF-8"?>
<testsuite name="de.tomgrill.gdxtesting.Sound.MusicTests" tests="2" skipped="0" failures="0" errors="0" timestamp="2024-05-22T21:06:02" hostname="LAPTOP-E8FM3GU7" time="0.034">
  <properties/>
  <testcase name="testMusicExists" classname="de.tomgrill.gdxtesting.Sound.MusicTests" time="0.015"/>
  <testcase name="testVolume" classname="de.tomgrill.gdxtesting.Sound.MusicTests" time="0.0"/>
  <system-out><![CDATA[]]></system-out>
  <system-err><![CDATA[]]></system-err>
</testsuite>
