<?xml version="1.0" encoding="UTF-8"?>
<testsuite name="de.tomgrill.gdxtesting.assets.GameAssetsExist" tests="4" skipped="0" failures="0" errors="0" timestamp="2024-05-22T21:06:02" hostname="LAPTOP-E8FM3GU7" time="0.051">
  <properties/>
  <testcase name="TypingGameAssetsExist" classname="de.tomgrill.gdxtesting.assets.GameAssetsExist" time="0.003"/>
  <testcase name="BoyCharacterAssetsExist" classname="de.tomgrill.gdxtesting.assets.GameAssetsExist" time="0.001"/>
  <testcase name="GirlCharacterAssetsExist" classname="de.tomgrill.gdxtesting.assets.GameAssetsExist" time="0.003"/>
  <testcase name="mapExists" classname="de.tomgrill.gdxtesting.assets.GameAssetsExist" time="0.001"/>
  <system-out><![CDATA[]]></system-out>
  <system-err><![CDATA[]]></system-err>
</testsuite>
